[  0000000] Initializing cgroup subsys cpuset
[    0.000000] Initializing cgroup subsys cpu
[    0.000000] Initializing cgroup subsys cpuacct
[    0.0000] Liuxerion .4-18-geneicbuldd@lc01md4-006) (gcc version 5.4.0 20160609 (Ubuntu 5.4.0-6ubuntu1~16.04.10) ) #164-Ubuntu SMP Tue Oct 2 17:16:02 UTC 2018 (Ubuntu 4.4.0-138.164-generic 4.4.155)
[    0.000000] Command line: BOOT_IMAGE=/boot/vmlinuz-4.4.0-138-generic root=LABEL=cloudimg-rootfs ro console=tty1 console=ttyS0
[    0.000000] KERNEL supported cpus:
[    0.000000]   Intel GenuineIntel
[    0.000000]   AMD AuthenticAMD
[    0.000000]   Centaur CentaurHauls
[    0.000000] x86/fpu: Supporting XSAVE feature 0x01: 'x87 floating point registers'
[    0.000000] x86/fpu: Supporting XSAVE feature 0x02: 'SSE registers'
[    0.000000] x86/fpu: Enabled xstate features 0x3, context size is 576 bytes, using 'standard' format.
[    0.000000] e820: BIOS-provided physical RAM map:
[    0.000000] BIOS-e820: [mem 0x0000000000000000-0x000000000009fbff] usable
[    0.000000] BIOS-e820: [mem 0x000000000009fc00-0x000000000009ffff] reserved
[    0.000000] BIOS-e820: [mem 0x00000000000f0000-0x00000000000fffff] reserved
[    0.000000] BIOS-e820: [mem 0x0000000000100000-0x000000003ffeffff] usable
[    0.000000] BIOS-e820: [mem 0x000000003fff0000-0x000000003fffffff] ACPI data
[    0.000000] BIOS-e820: [mem 0x0000fec00000-0x00000000fec00fff] reserved
[    0.000000] BIOS-e820: [mem 0x00000000fee00000-0x00000000fee00fff] reserved
[    0.000000] BIOS-e820: [mem 0x00000000fffc0000-0x00000000ffffffff] reserved
[    0.000000] NX (Execute Disable) protection: active
[    0.000000] SMBIOS 2.5 present.
[    0.000000] Hypervisor detected: KVM
[    0.000000] e820: last_pfn = 0x3fff0 max_arch_pfn = 0x400000000
[    0.000000] MTRR: Disabled
[    0.000000] x86/PAT: MTRRs disabled, skipping PAT initialization too.
[    0.000000] CPU MTRRs all blank - virtualized system.
[    0.000000] x86/PAT: Configuration [0-7]: WB  WT  UC- UC  WB  WT  UC- UC  
[    0.000000] found SMP MP-table at [mem 0x0009fff0-0x0009ffff] mapped at [ffff88000009fff0]
[    0.000000] Scanning 1 areas for low memory corruption
[    0.000000] RAMDISK: [mem 0x3630a000-0x3717cfff]
[    0.000000] ACPI: Early table checksum verification disabled
[    0.000000] ACPI: RSDP 0x00000000000E0000 000024 (v02 VBOX  )
[    0.000000] ACPI: XSDT 0x000000003FFF0030 00003C (v01 VBOX   VBOXXSDT 00000001 ASL  00000061)
[    0.000000] ACPI: FACP 0x000000003FFF00F0 0000F4 (v04 VBOX   VBOXFACP 00000001 ASL  00000061)
[  0.00000] APIDST 0x00003FFF047000FF (v02 VBX   VBOXIO0000002 INL 16108)
[    00000 ACPI: FCSx00000003FFF2000040
[   0.000]ACPI: FACS 0x000000003FFF0200 000040
[    0.000000] ACPI: APIC 0x000000003FFF0240 00005C (v02 VBOX   VBOXAPIC 00000001 ASL  00000061)
[    0.000000] ACPI: SSDT 0x000000003FFF02A0 00CC(v01 VBX VBOXCPUT 00002INTL 20160108)
[    0.000000] No NUMA configuration found
[    0.000000] Faking a node at [mem 0x0000000000000000-0x000000003ffeffff]
[    0.000000] NODE_DATA(0) allocated [mem 0x3ffeb000-0x3ffeffff]
[    0.000000] kvm-clock: Using msrs 4b564d01 and 4b564d00
[    0.000000] kvm-clock: cpu 0, msr 0:3ffe3001, primary cpu clock
[    0.000000] kvm-clock: using sched offset of 3359620240 cycles
[    0.000000] clocksource: kvm-clock: mask: 0xffffffffffffffff max_cycles: 0x1cd42e4dffb, max_idle_ns: 881590591483 ns
[    0.000000] Zone ranges:
[    0.000000]   DMA      [mem 0x0000000000001000-0x0000000000ffffff]
[    0.000000]   DMA32    [mem 0x0000000001000000-0x000000003ffeffff]
[   .00000] Nomal   empty[   0.00000] Dvice  pt
[   0.000] Movblzoe strtoreach nde[    0.000000] Erlmeory noe ngs
[  000000]  noe 0: [mem 0x000000001000-x0000000ff
[    0.000000]   node   0: [mem 0x0000000000100000-0x000000003ffeffff]
[    0.000000] Initmem setup node 0 [mem 0x0000000000001000-0x000000003ffeffff]
[    0.000000] ACPI: PM-Timer IO Port: 0x4008
[    0.000000] IOAPIC[0]: apic_id 2, version 32, address 0xfec00000, GSI 0-23
[    0.000000] ACPI: INT_SRC_OVR (bus 0 bus_irq 0 global_irq 2 dfl dfl)
[    0.000000] ACPI: INT_SRC_OVR (bus 0 bus_irq 9 global_irq 9 low level)
[    0.000000] Using ACPI (MADT) for SMP configuration information
[    0.000000] smpboot: Allowing 2 CPUs, 0 hotplug CPUs
[    0.000000] PM: Registered nosave memory: [mem 0x00000000-0x00000fff]
[    0.000000] PM: Registered nosave memory: [mem 0x0009f000-0x0009ffff]
[    0.000000] PM: Registered nosave memory: [mem 0x000a0000-0x000effff]
[    0.000000] PM: Registered nosave memory: [mem 0x000f0000-0x000fffff]
[    0.000000] e820: [mem 0x40000000-0xfebfffff] available for PCI devices
[    0.000000] Booting paravirtualized kernel on KVM
[    0.000000] clocksource: refined-jiffies: mask: 0xffffffff max_cycles: 0xffffffff, max_idle_ns: 7645519600211568 ns
[    0.000000] setup_percpu: NR_CPUS:512 nr_cpumask_bits:512 nr_cpu_ids:2 nr_node_ids
    0.000000] PERCPU: Embedded 34 pages/cpu @ffff88003fc00000 s99608 r8192 d31464 u1048576
[    0.000000] PV qspinlock hh bl entries: 256 (oder: 0, 09byes)
[  000000] Bil1 onelstinNodeorr,obilit gupngon Tal pages: 257912
[    0.000000] Policy zone: DMA32
[    0.000000] Kernel command line: BOOT_IMAGE=/boot/vmlinuz-4.4.0-138-generic root=LABEL=cloudimg-rootfs ro console=tty1 console=ttyS0
[    0.000000] PID hash table entries: 4096 (order: 3, 32768 bytes)
[    0.000000] Memory: 997708K/1048120K available (8563K kernel code, 1314K rwdata, 4004K rodata, 1528K init, 1316K bss, 50412K reserved, 0K cma-reserved)
[    0.000000] SLUB: HWalign=64, Order=0-3, MinObjects=0, CPUs=2, Nodes=1
[    0.000000] Kernel/User page tables isolation: enabled
[    0.000000] Hierarchical RCU implementation.
[    0.000000] 	Build-time adjustment of leaf fanout to 64.
[    0.000000] 	RCU restricting CPUs from NR_CPUS=512 to nr_cpu_ids=2.
[    0.000000] RCU: Adjusting geometry for rcu_fanout_leaf=64, nr_cpu_ids=2
[    0.000000] NR_IRQS:33024 nr_irqs:440 16
[    0.000000] Console: colour VGA+ 80x25
[    0.000000] console [tty1] enabled
[    0.000000] console [ttyS0] enabled
[    0.000000] tsc: Detected 3092.834 MHz processor
[   581958] Calibrating delay loop (skipped) preset value.. 6185.66 BogoMIPS (lpj=12371336)
[    2.637625] pid_max: default: 32768 minimum: 301
[    2.638355] ACPI: Core revision 20150930
[    2.639864] ACPI: 2 ACPI AML tables successfully acquired and loaded
[    2.640924] Security Framework initialized
[    2.683395] Yama: becoming mindful.
[    2.708691] AppArmor: AppArmor initialized
[    2.749551] Dentry cache hash table entries: 131072 (order: 8, 1048576 bytes)
[    2.789708] Inode-cache hash table entries: 65536 (order: 7, 524288 bytes)
[    2.790790] Mount-cache hash table entries: 2048 (order: 2, 16384 bytes)
[    2.791747] Mountpoint-cache hash table entries: 2048 (order: 2, 16384 bytes)
[    2.792948] Initializing cgroup subsys io
[    2.793626] Initializing cgroup subsys memory
[    2.794327] Initializing cgroup subsys devices
[    2.795034] Initializing cgroup subsys freezer
[    2.795741] Initializing cgroup subsys net_cls
[    2.796452] Initializing cgroup subsys perf_event
[    2.797212] Initializing cgroup subsys net_prio
[    2.797932] Initializing cgroup subsys hugetlb
[    2.798640] Initializing cgroup subsys pids
[    2.800151] mce: CPU supports 0 MCE banks
[    2.800844] Last level iTLB entries: 4KB 1024, 2MB 1024, 4MB 1024
[    2.801734] Last level dTLB entries: 4KB 1024, 2MB 1024, 4MB 1024, 1GB 4
[    2.849220] Spectre V2 : Mitigation: Full generic retpoline
[    2.873609] Spectre V2 : Spectre v2 mitigation: Speculation control IBPB not-supported IBRS not-supported
[    2.874873] Spectre V2 : Spectre v2 / SpectreRSB mitigation: Filling RSB on context switch
[    2.876410] Speculative Store Bypass: Vulnerable
[    2.879252] Freeing SMP alternatives memory: 32K
[    2.886838] ftrace: allocating 32278 entries in 127 pages
[    2.969681] smpboot: APIC(0) Converting physical 0 to logical package 0
[    3.049841] smpboot: Max logical packages: 1
[    3.110170] x2apic enabled
[    3.133309] Switched APIC routing to physical x2apic.
[    3.156873] ..TIMER: vector=0x30 apic1=0 pin1=2 apic2=-1 pin2=-1
[    3.268888] smpboot: CPU0: Intel(R) Pentium(R) CPU G3240 @ 3.10GHz (family: 0x6, model: 0x3c, stepping: 0x3)
[    3.389436] Performance Events: unsupported p6 CPU model 60 no PMU driver, software events only.
[    3.483662] KVM setup paravirtual spinlock
[    3.485017] x86: Booting SMP configuration:
[    3.485717] .... node  #0, CPUs:      #1
    3.486457]] kvm-clock: cpu 1, msr 0:3ffe3041, secondary cpu clock
[    3.499937] mce: CPU supports 0 MCE banks
[    3.502753] x86: Booted up 1 node, 2 CPUs
[    3.509776] smpboot: Total of 2 processors activated (12371.33 BogoMIPS)
[    3.529018] devtmpfs: initialized
[    3.530845] evm: security.selinux
[    3.531447] evm: security.SMACK64
[    3.532034] evm: security.SMACK64EXEC
[    3.532665] evm: security.SMACK64TRANSMUTE
[    3.533362] evm: security.SMACK64MMAP
[    3.533994] evm: security.ima
[    3.534542] evm: security.capability
[    3.535290] clocksource: jiffies: mask: 0xffffffff max_cycles: 0xffffffff, max_idle_ns: 7645041785100000 ns
[    3.536769] futex hash table entries: 512 (order: 3, 32768 bytes)
[    3.537772] pinctrl core: initialized pinctrl subsystem
[    3.538664] RTC time: 11:26:32, date: 10/29/18
[    3.539525] NET: Registered protocol family 16
[    3.548764] cpuidle: using governor ladder
[    3.621298] cpuidle: using governor menu
[    3.667949] PCCT header not found.
[    3.708258] ACPI: bus type PCI registered
[    3.736481] acpiphp: ACPI Hot Plug PCI Controller Driver version: 0.5
[    3.737517] PCI: Using configuration type 1 for base access
[    3.750061] ACPI: Added _OSI(Module Device)
[    3.773293] ACPI: Added _OSI(Processor Device)
[    3.817583] ACPI: Added _OSI(3.0 _SCP Extensions)
[    3.865337] ACPI: Added _OSI(Processor Aggregator Device)
[    3.889267] ACPI: Executed 1 blocks of module-level executable AML code
[    3.892099] ACPI: Interpreter enabled
[    3.892743] ACPI: (supports S0 S5)
[    3.893368] ACPI: Using IOAPIC for interrupt routing
[    3.894275] PCI: Using host bridge windows from ACPI; if necessary, use "pci=nocrs" and report a bug
[    3.947197] ACPI: PCI Root Bridge [PCI0] (domain 0000 [bus 00-ff])
[    4.005679] acpi PNP0A03:00: _OSC: OS supports [ASPM ClockPM Segments MSI]
[    4.057650] acpi PNP0A03:00: _OSC: not requesting OS control; OS requires [ExtendedConfig ASPM ClockPM MSI]
[    4.139526] acpi PNP0A03:00: fail to add MMCONFIG information, can't access extended PCI configuration space nder this bridge.
[    4.245833] PCI host bridge to bus 0000:00
[    4.247022] pci_bus 0000:00: root bus resource [io  0x0000-0x0cf7 window]
[    4.248809] pci_bus 0000:00: root bus resource [io  0x0d00-0xffff window]
[    4.250579] pci_bus 0000:00: root bus resource [mem 0x000a0000-0x000bffff window]
[    4.291663] pci_bus 0000:00: root bus resource [mem 0x40000000-0xfdffffff window]
[    4.320957] pci_bus 0000:00: root bus resource [bus 00-ff]
[    4.323193] pci 0000:00:01.1: legacy IDE quirk: reg 0x10: [io  0x01f0-0x01f7]
[    4.386834] pci 0000:00:01.1: legacy IDE quirk: reg 0x14: [io  0x03f6]
[    4.433531] pci 0000:00:01.1: legacy IDE quirk: reg 0x18: [io  0x0170-0x0177]
[    4.441480] pci 0000:00:01.1: legacy IDE quirk: reg 0x1c: [io  0x0376]
[    4.519171] pci 0000:00:07.0: quirk: [io  0x4000-0x403f] claimed by PIIX4 ACPI
[    4.593668] pci 0000:00:07.0: quirk: [io  0x4100-0x410f] claimed by PIIX4 SMB
[    4.643418] ACPI: PCI Interrupt Link [LNKA] (IRQs 5 9 10 *11)
[    4.652931] ACPI: PCI Interrupt Link [LNKB] (IRQs 5 9 *10 11)
[    4.657436] ACPI: PCI Interrupt Link [LNKC] (IRQs 5 *9 10 11)
[    4.678894] ACPI: PCI Interrupt Link [LNKD] (IRQs 5 9 10 *11)
[    4.728561] ACPI: Enabled 2 GPEs in block 00 to 07
[    4.739060] vgaarb: setting as boot device: PCI:0000:00:02.0
[    4.802541] vgaarb: device added: PCI:0000:00:02.0,decodes=io+mem,owns=io+mem,locks=none
[    4.844336] vgaarb: loaded
[    4.850269] vgaarb: bridge control possible 0000:00:02.0
[    4.897863] SCSI subsystem initialized
[    4.932553] ACPI: bus type USB registered
[    4.973267] usbcore: registered new interface driver usbfs
[    5.034587] usbcore: registered new interface driver hub
[    5.057676] usbcore: registered new device driver usb
[    5.106660] PCI: Using ACPI for IRQ routing
[    5.129369] NetLabel: Initializing
[    5.168226] NetLabel:  domain hash size = 128
[    5.215932] NetLabel:  protocols = UNLABELED CIPSOv4
[    5.269555] NetLabel:  unlabeled traffic allowed by default
[    5.322843] amd_nb: Cannot enumerate AMD northbridges
[    5.324234] clocksource: Switched to clocksource kvm-clock
[    5.332082] AppArmor: AppArmor Filesystem Enabled
[    5.333501] pnp: PnP ACPI init
[    5.335095] pnp: PnP ACPI: found 3 devices
[    5.348604] clocsoceac_p mk:0xffffff max_cycles: 0xffffff, max_idle_ns: 2085701024 ns
[    5.631736] NET: Registered protocol family 2
[    5.632671] TCP established hash table entries: 8192 (order: 4, 65536 bytes)
[    5.633689] TCP bind hash table entries: 8192 (order: 5, 131072 bytes)
[    5.634640] TCP: Hash tables configured (established 8192 bind 8192)
[    5.635576] UDP hash table entries: 512 (order: 2, 16384 bytes)
[    5.636465] UDP-Lite hash table entries: 512 (order: 2, 16384 bytes)
[    5.637412] NET: Registered protocol family 1
[    5.638126] pci 0000:00:00.0: Limiting direct PCI/PCI transfers
[    5.639014] pci 0000:00:01.0: Activating ISA DMA hang workarounds
[    5.640028] Unpacking initramfs...
[    5.827484] Freeing initrd memory: 14796K
[    5.886009] RAPL PMU detected, API unit is 2^-32 Joules, 4 fixed counters 10737418240 ms ovfl timer
[    6.008906] hw unit of domain pp0-core 2^-0 Joules
[    6.092610] hw unit of domain package 2^-0 Joules
[    6.149946] hw unit of domain dram 2^-0 Joules
[    6.213915] hw unit of domain pp1-gpu 2^-0 Joules
[    6.277944] platform rtc_cmos: registered platform RTC device (no PNP device found)
[    6.304225] Scanning for low memory corruption every 60 seconds
[    6.344113] audit: initializing netlink subsys (disabled)
[    6.409953] audit: type=2000 audit(1540812395.873:1): initialized
[    6.419088] Initialise system trusted keyring
[    6.420266] HugeTLB registered 2 MB page size, pre-allocated 0 pages
[    6.440905] zbud: loaded
[    6.463222] VFS: Disk quotas dquot_6.6.0
[    6.464141] VFS: Dquot-cache hash table entries: 512 (order 0, 4096 bytes)
[    6.465965] squashfs: version 4.0 (2009/01/31) Phillip Lougher
[    6.467144] fuse init (API version 7.23)
[    6.506030] Key type big_key registered
[    6.546071] Allocating IMA MOK and blacklist keyrings.
[    6.547929] Key type asymmetric registered
[    6.556595] Asymmetric key parser 'x509' registered
[    6.590135] Block layer SCSI generic (bsg) driver version 0.4 loaded (major 249)
[    6.591407] io scheduler noop registered
[    6.592071] io scheduler deadline registered (default)
[    6.632285] io scheduler cfq registered
[    6.638269] pci_hotplug: PCI Hot Plug PCI Core version: 0.5
[    6.639114] pciehp: PCI Express Hot Plug Controller Driver version: 0.4
[    6.640188] ACPI: AC Adapter [AC] (on-line)
[    6.640987] input: Power Button as /devices/LNXSYSTM:00/LNXPWRBN:00/input/input0
[    6.642201] ACPI: Power Button [PWRF]
[    6.642889] input: Sleep Button as /devices/LNXSYSTM:00/LNXSLPBN:00/input/input1
[    6.644103] ACPI: Sleep Button [SLPF]
[    6.674035] GHES: HEST is not enabled!
[    6.674797] Serial: 8250/16550 driver, 32 ports, IRQ sharing enabled
[    6.697340] 00:02: ttyS0 at I/O 0x3f8 (irq = 4, base_baud = 115200) is a 16550A
[    6.824483] Linux agpgart interface v0.103
[    6.828012] loop: module loaded
[    6.850412] scsi host0: ata_piix
[    6.866184] scsi host1: ata_piix
[    6.866802] ata1: PATA max UDMA/33 cmd 0x1f0 ctl 0x3f6 bmdma 0xd000 irq 14
[    6.867782] ata2: PATA max UDMA/33 cmd 0x170 ctl 0x376 bmdma 0xd008 irq 15
[    6.868922] libphy: Fixed MDIO Bus: probed
[    6.933597] tun: Universal TUN/TAP device driver, 1.6
[    7.083418] tun: (C) 1999-2004 Max Krasnyansky <maxk@qualcomm.com>
[    7.213653] PPP generic driver version 2.4.2
[    7.214459] ehci_hcd: USB 2.0 'Enhanced' Host Controller (EHCI) Driver
[    7.215417] ehci-pci: EHCI PCI platform driver
[    7.216156] ehci-platform: EHCI generic platform driver
[    7.216996] ohci_hcd: USB 1.1 'Open' Host Controller (OHCI) Driver
[    7.217917] ohci-pci: OHCI PCI platform driver
[    7.218639] ohci-platform: OHCI generic platform driver
[    7.219447] uhci_hcd: USB Universal Host Controller Interface driver
[    7.220498] i8042: PNP: PS/2 Controller [PNP0303:PS2K,PNP0f03:PS2M] at 0x60,0x64 irq 1,12
[    7.222283] serio: i8042 KBD port at 0x60,0x64 irq 1
[    7.223089] serio: i8042 AUX port at 0x60,0x64 irq 12
[    7.223977] mousedev: PS/2 mouse device common for all mice
[    7.225243] input: AT Translated Set 2 keyboard as /devices/platform/i8042/serio0/input/input2
[    7.226738] rtc_cmos rtc_cmos: rtc core: registered rtc_cmos as rtc0
[    7.227715] rtc_cmos rtc_cmos: alarms up to one day, 114 bytes nvram
[    7.228670] i2c /dev entries driver
[    7.229338] device-mapper: uevent: version 1.0.3
[    7.230132] device-mapper: ioctl: 4.34.0-ioctl (2015-10-28) initialised: dm-devel@redhat.com
[    7.231483] ledtrig-cpu: registered to indicate activity on CPUs
[    7.273904] NET: Registered protocol family 10
[    7.499591] NET: Registered protocol family 17
[    7.500377] tsc: Refined TSC clocksource calibration: 3091.893 MHz
[    7.50038]] clocksource: tsc: mask 0xffffffffffffffff max_cycles: 0x2c915d2283b, max_idle_ns: 440795294223 ns
[    8.832893] Key type dns_resolver registered
[    8.853775] registered taskstats version 1
[    8.854668] Loading compiled-in X.509 certificates
[    8.862871] Loaded X.509 cert 'Build time autogenerated kernel key: 9a104bc44b81e9426fe5c715e47d021d02d69eba'
[    8.874701] zswap: loaded using pool lzo/zbud
[    8.880088] Key type trusted registered
[    8.886386] Key type encrypted registered
[    8.887288] AppArmor: AppArmor sha1 policy hashing enabled
[    8.888395] ima: No TPM chip found, activating TPM-bypass!
[    8.896829] ima: Allocated hash algorithm: sha1
[    8.897815] evm: HMAC attrs: 0x1
[    8.899467]   Magic number: 6:744:429
[    8.900451] rtc_cmos rtc_cmos: setting system clock to 2018-10-29 11:26:38 UTC (1540812398)
[    8.913892] BIOS EDD facility v0.16 2004-Jun-25, 0 devices found
[    8.915075] EDD information not available.
[    8.917580] Freeing unused kernel memory: 1528K
[    8.928350] Write protecting the kernel read-only data: 14336k
[    8.933902] Freeing unused kernel memory: 1664K
[    8.937096] Freeing unused kernel memory: 92K
Loading, please wait...
starting version[    8.989459] random: systemd-udevd: uninitialized urandom read (16 bytes read, 3 bits of entropy available)
 229
[    8.990080] random: udevadm: uninitialized urandom read (16 bytes read, 3 bits of entropy available)
[    8.990097] random: udevadm: uninitialized urandom read (16 bytes read, 3 bits of entropy available)
[    8.997850] random: udevadm: uninitialized urandom read (16 bytes read, 3 bits of entropy available)
[    8.997888] random: udevadm: uninitialized urandom read (16 bytes read, 3 bits of entropy available)
[    8.998003] random: udevadm: uninitialized urandom read (16 bytes read, 3 bits of entropy available)
[    8.998045] random: udevadm: uninitialized urandom read (16 bytes read, 3 bits of entropy available)
[    8.998088] random: udevadm: uninitialized urandom read (16 bytes read, 3 bits of entropy available)
[    8.998129] random: udevadm: uninitialized urandom read (16 bytes read, 3 bits of entropy available)
[    8.998169] random: udevadm: uninitialized urandom read (16 bytes read, 3 bits of entropy available)
[    9.046609] Fusion MPT base driver 3.04.20
[    9.047765] Copyright (c) 1999-2008 LSI Corporation
[    9.049258] e1000: Intel(R) PRO/1000 Network Driver - version 7.3.21-k8-NAPI
[    9.050995] e1000: Copyright (c) 1999-2006 Intel Corporation.
[    9.067668] Fusion MPT SPI Host driver 3.04.20
[    9.272532] input: ImExPS/2 Generic Explorer Mouse as /devices/platform/i8042/serio1/input/input4
[    9.416000] e1000 0000:00:03.0 eth0: (PCI:33MHz:32-bit) 02:9f:4a:0a:1b:63
[    9.453472] e1000 0000:00:03.0 eth0: Intel(R) PRO/1000 Network Connection
[    9.855584] e1000 0000:00:08.0 eth1: (PCI:33MHz:32-bit) 08:00:27:a8:5d:ed
[    9.923532] e1000 0000:00:08.0 eth1: Intel(R) PRO/1000 Network Connection
[    9.984955] e1000 0000:00:03.0 enp0s3: renamed from eth0
[    9.997317] mptbase: ioc0: Initiating bringup
[   10.009356] e1000 0000:00:08.0 enp0s8: renamed from eth1
[   10.463286] ioc0: LSI53C1030 A0: Capabilities={Initiator}
[   11.524418] scsi host2: ioc0: LSI53C1030 A0, FwRev=00000000h, Ports=1, MaxQ=256, IRQ=20
[   11.663394] scsi 2:0:0:0: Direct-Access     VBOX     HARDDISK         1.0  PQ: 0 ANSI: 5
[   11.685592] scsi target2:0:0: Beginning Domain Validation
[   11.686946] scsi target2:0:0: Domain Validation skipping write tests
[   11.687870] scsi target2:0:0: Ending Domain Validation
[   11.688847] scsi target2:0:0: asynchronous
[   11.689760] scsi 2:0:1:0: Direct-Access     VBOX     HARDDISK         1.0  PQ: 0 ANSI: 5
[   11.699413] scsi target2:0:1: Beginning Domain Validation
[   11.750499] scsi target2:0:1: Domain Validation skipping write tests
[   11.751418] scsi target2:0:1: Ending Domain Validation
[   11.752260] scsi target2:0:1: asynchronous
[   11.757048] sd 2:0:0:0: [sda] 20971520 512-byte logical blocks: (10.7 GB/10.0 GiB)
[   11.757069] sd 2:0:0:0: Attached scsi generic sg0 type 0
[   11.757467] sd 2:0:1:0: Attached scsi generic sg1 type 0
[   11.757606] sd 2:0:1:0: [sdb] 20480 512-byte logical blocks: (10.5 MB/10.0 MiB)
[   11.757696] sd 2:0:1:0: [sdb] Write Protect is off
[   11.757756] sd 2:0:1:0: [sdb] Incomplete mode parameter data
[   11.757757] sd 2:0:1:0: [sdb] Assuming drive cache: write through
[   11.788411] sd 2:0:1:0: [sdb] Attached SCSI disk
[   11.856424] sd 2:0:0:0: [sda] Write Protect is off
[   11.857321] sd 2:0:0:0: [sda] Incomplete mode parameter data
[   11.908879] sd 2:0:0:0: [sda] Assuming drive cache: write through
[   12.152537]  sda: sda1
[   12.162565] sd 2:0:0:0: [sda] Attached SCSI disk
Begin: Loading e[   13.485683] md: linear personality registered for level -1
ssential drivers ... [   13.545971] md: multipath personality registered for level -4
[   13.550983] md: raid0 personality registered for level 0
[   13.554778] md: raid1 personality registered for level 1
[   13.624789] raid6: sse2x1   gen()  9899 MB/s
[   13.723132] raid6: sse2x1   xor()  7944 MB/s
[   13.823094] raid6: sse2x2   gen() 13609 MB/s
[   13.892556] raid6: sse2x2   xor()  8328 MB/s
[   14.013086] raid6: sse2x4   gen() 12746 MB/s
[   14.100548] raid6: sse2x4   xor() 10011 MB/s
[   14.123748] raid6: using algorithm sse2x2 gen() 13609 MB/s
[   14.133914] raid6: .... xor() 8328 MB/s, rmw enabled
[   14.143866] raid6: using ssse3x2 recovery algorithm
[   14.165144] xor: measuring software checksum speed
[   14.204273]    prefetch64-sse: 19010.000 MB/sec
[   14.288263]    generic_sse: 17455.000 MB/sec
[   14.320684] xor: using function: prefetch64-sse (19010.000 MB/sec)
[   14.322764] async_tx: api initialized (async)
[   14.330198] md: raid6 personality registered for level 6
[   14.331657] md: raid5 personality registered for level 5
[   14.363436] md: raid4 personality registered for level 4
[   14.378677] md: raid10 personality registered for level 10
done.
Begin: Running /scripts/init-premount ... done.
Begin: Mounting root file system ... Begin: Running /scripts/local-top ... done.
Begin: Running /scripts/local-premount ... [   14.432945] Btrfs loaded
Scanning for Btrfs filesystems
done.
Warning: fsck not present, so skipping root file system
[   14.504877] EXT4-fs (sda1): mounted filesystem with ordered data mode. Opts: (null)
done.
Begin: Running /scripts/local-bottom ... done.
Begin: Running /scripts/init-bottom ... done.
[   14.944684] systemd[1]: systemd 229 running in system mode. (+PAM +AUDIT +SELINUX +IMA +APPARMOR +SMACK +SYSVINIT +UTMP +LIBCRYPTSETUP +GCRYPT +GNUTLS +ACL +XZ -LZ4 +SECCOMP +BLKID +ELFUTILS +KMOD -IDN)
[   14.947340] systemd[1]: Detected virtualization oracle.
[   14.948153] systemd[1]: Detected architecture x86-64.

Welcome to [1mUbuntu 16.04.5 LTS[0m!

[   14.998982] systemd[1]: Set hostname to <ubuntu>.
[   15.046225] systemd[1]: Initializing machine ID from random generator.
[   15.047257] systemd[1]: Installed transient /etc/machine-id file.
[   15.601665] random: nonblocking pool is initialized
[   15.834831] systemd[1]: Listening on udev Kernel Socket.
[[0;32m  OK  [0m] Listening on udev Kernel Socket.
[   15.836547] systemd[1]: Listening on udev Control Socket.
[[0;32m  OK  [0m] Listening on udev Control Socket.
[   15.838110] systemd[1]: Reached target System Time Synchronized.
[[0;32m  OK  [0m] Reached target System Time Synchronized.
[   15.839795] systemd[1]: Listening on /dev/initctl Compatibility Named Pipe.
[[0;32m  OK  [0m] Listening on /dev/initctl Compatibility Named Pipe.
[   15.841710] systemd[1]: Listening on Journal Socket (/dev/log).
[[0;32m  OK  [0m] Listening on Journal Socket (/dev/log).
[   15.843417] systemd[1]: Listening on Journal Socket.
[[0;32m  OK  [0m] Listening on Journal Socket.
[   15.844942] systemd[1]: Listening on LVM2 metadata daemon socket.
[[0;32m  OK  [0m] Listening on LVM2 metadata daemon socket.
[   15.846877] systemd[1]: Created slice User and Session Slice.
[[0;32m  OK  [0m] Created slice User and Session Slice.
[   15.848538] systemd[1]: Started Forward Password Requests to Wall Directory Watch.
[[0;32m  OK  [0m] Started Forward Password Requests to Wall Directory Watch.
[   15.850879] systemd[1]: Created slice System Slice.
[[0;32m  OK  [0m] Created slice System Slice.
[   15.884423] systemd[1]: Starting Create list of required static device nodes for the current kernel...
         Starting Create list of required st... nodes for the current kernel...
[   15.981225] systemd[1]: Reached target Slices.
[[0;32m  OK  [0m] Reached target Slices.
[   16.028375] systemd[1]: Starting Nameserver information manager...
         Starting Nameserver information manager...
[   16.049917] systemd[1]: Starting Uncomplicated firewall...
         Starting Uncomplicated firewall...
[   16.055161] systemd[1]: Mounting POSIX Message Queue File System...
         Mounting POSIX Message Queue File System...
[   16.072483] systemd[1]: Listening on Device-mapper event daemon FIFOs.
[[0;32m  OK  [0m] Listening on Device-mapper event daemon FIFOs.
[   16.079535] systemd[1]: Starting Monitoring of LVM2 mirrors, snapshots etc. using dmeventd or progress polling...
         Starting Monitoring of LVM2 mirrors... dmeventd or progress polling...
[   16.123046] systemd[1]: Created slice system-serial\x2dgetty.slice.
[[0;32m  OK  [0m] Created slice system-serial\x2dgetty.slice.
[   16.125157] systemd[1]: Set up automount Arbitrary Executable File Formats File System Automount Point.
[[0;32m  OK  [0m] Set up automount Arbitrary Executab...ats File System Automount Point.
[   16.216353] systemd[1]: Mounting Huge Pages File System...
         Mounting Huge Pages File System...
[   16.292419] systemd[1]: Starting Set console keymap...
         Starting Set console keymap...
[   16.316423] systemd[1]: Reached target Swap.
[[0;32m  OK  [0m] Reached target Swap.
[   16.372404] systemd[1]: Starting Remount Root and Kernel File Systems...
         Starting Remount Root and Kernel File Systems...
[   16.379117] EXT4-fs (sda1): re-mounted. Opts: (null)
[   16.381261] systemd[1]: Starting Load Kernel Modules...
         Starting Load Kernel Modules...
[   16.384602] systemd[1]: Started Trigger resolvconf update for networkd DNS.
[[0;32m  OK  [0m] Started Trigger resolvconf update for networkd DNS.
[   16.416372] systemd[1]: Mounting Debug File System...
         Mounting Debug File Sys[   16.435899] Loading iSCSI transport class v2.0-870.
tem...
[   16.484467] systemd[1]: Listening on LVM2 poll daemon socket.
[[0;32m  OK  [0m] Listening on[   16.501188] iscsi: registered transport (tcp)
 LVM2 poll daemon socket.
[   16.546349] systemd[1]: Reached target User and Group Name Lookups.
[[0;32m  OK  [0m] Reached target User and Group Name Lookups.
[   16.562541] systemd[1]: Listening on Journal Audit Socket.
[[0;32m  OK  [0m] Listening on Journal Audit Socket.
[   16.577229] systemd[1]: Reached target Encrypted Volumes.
[[0;32m  OK  [0m] Reached target Encrypted Volumes.
[   16.586198] systemd[1]: Listening on Syslog Socket.
[[0;32m  OK  [0m] Listening on Syslog Socket.
[   16.600426] systemd[1]: Starting Journal Service...
         Starting Journal Servic[   16.626664] iscsi: registered transport (iser)
e...
[   16.657684] systemd[1]: Mounted Huge Pages File System.
[[0;32m  OK  [0m] Mounted Huge Pages File System.
[   16.680431] systemd[1]: Mounted POSIX Message Queue File System.
[[0;32m  OK  [0m] Mounted POSIX Message Queue File System.
[   16.740449] systemd[1]: Mounted Debug File System.
[[0;32m  OK  [0m] Mounted Debug File System.
[   16.784545] systemd[1]: Started Journal Service.
[[0;32m  OK  [0m] Started Journal Service.
[[0;32m  OK  [0m] Started Create list of required sta...ce nodes for the current kernel.
[[0;32m  OK  [0m] Started Uncomplicated firewall.
[[0;32m  OK  [0m] Started Set console keymap.
[[0;32m  OK  [0m] Started Remount Root and Kernel File Systems.
[[0;32m  OK  [0m] Started Load Kernel Modules.
[[0;32m  OK  [0m] Started Nameserver information manager.
[[0;32m  OK  [0m] Started LVM2 metadata daemon.
         Mounting FUSE Control File System...
         Starting Apply Kernel Variables...
         Starting Load/Save Random Seed...
         Starting udev Coldplug all Devices...
         Starting Create Static Device Nodes in /dev...
         Starting Flush Journal to Persistent Storage...
[[0;32m  OK  [0m] Mounted FUSE Control File System.
[[0;32m  OK  [0m] Started Load/Save Random Seed.
[[0;32m  OK  [0m] Started Apply Kernel Variables.
[[0;32m  OK  [0m] Started Flush Journal to Persistent Storage.
[[0;32m  OK  [0m] Started udev Coldplug all Devices.
[[0;32m  OK  [0m] Started Monitoring of LVM2 mirrors,...ng dmeventd or progress polling.
[[0;32m  OK  [0m] Started Create Static Device Nodes in /dev.
         Starting udev Kernel Device Manager...
[[0;32m  OK  [0m] Started udev Kernel Device Manager.
[[0;32m  OK  [0m] Started Dispatch Password Requests to Console Directory Watch.
[[0;32m  OK  [0m] Reached target Local File Systems (Pre).
[[0;32m  OK  [0m] Reached target Local File Systems.
         Starting Commit a transient machine-id on disk...
         Starting Set console font and keymap...
         Starting Tell Plymouth To Write Out Runtime Data...
         Starting Create Volatile Files and Directories...
         Starting Initial cloud-init job (pre-networking)...
         Starting LSB: AppArmor initialization...
[[0;32m  OK  [0m] Started Tell Plymouth To Write Out Runtime Data.
[[0;32m  OK  [0m] Started Commit a transient machine-id on disk.
[[0;32m  OK  [0m] Found device /dev/ttyS0.
[[0;32m  OK  [0m] Started Create Volatile Files and Directories.
         Starting Update UTMP about System Boot/Shutdown...
[[0;32m  OK  [0m] Listening on Load/Save RF Kill Switch Status /dev/rfkill Watch.
[[0;32m  OK  [0m] Started Update UTMP about System Boot/Shutdown.
[[0;32m  OK  [0m] Started Set console font and keymap.
[[0;32m  OK  [0m] Created slice system-getty.slice.
[[0;32m  OK  [0m] Started LSB: AppArmor initialization.
[   16.516277] cloud-init[461]: Cloud-init v. 18.3-9-g2e62cb8a-0ubuntu1~16.04.2 running 'init-local' at Mon, 29 Oct 2018 11:26:50 +0000. Up 16.09 seconds.
[[0;32m  OK  [0m] Started Initial cloud-init job (pre-networking).
[[0;32m  OK  [0m] Reached target Network (Pre).
         Starting Raise network interfaces...
[[0;32m  OK  [0m] Started Raise network interfaces.
         Starting Initial cloud-init job (metadata service crawler)...
[[0;32m  OK  [0m] Reached target Network.
[   18.251928] cloud-init[921]: Cloud-init v. 18.3-9-g2e62cb8a-0ubuntu1~16.04.2 running 'init' at Mon, 29 Oct 2018 11:26:51 +0000. Up 17.18 seconds.
[   18.255323] cloud-init[921]: ci-info: ++++++++++++++++++++++++++++++++++++++Net device info+++++++++++++++++++++++++++++++++++++++
[   18.258440] cloud-init[921]: ci-info: +--------+-------+----------------------------+---------------+--------+-------------------+
[   18.261540] cloud-init[921]: ci-info: | Device |   Up  |          Address           |      Mask     | Scope  |     Hw-Address    |
[   18.264554] cloud-init[921]: ci-info: +--------+-------+----------------------------+---------------+--------+-------------------+
[   18.267531] cloud-init[921]: ci-info: | enp0s3 |  True |         10.0.2.15          | 255.255.255.0 | global | 02:9f:4a:0a:1b:63 |
[   18.270672] cloud-init[921]: ci-info: | enp0s3 |  True | fe80::9f:4aff:fe0a:1b63/64 |       .       |  link  | 02:9f:4a:0a:1b:63 |
[   18.273766] cloud-init[921]: ci-info: | enp0s8 | False |             .              |       .       |   .    | 08:00:27:a8:5d:ed |
[   18.276770] cloud-init[921]: ci-info: |   lo   |  True |         127.0.0.1          |   255.0.0.0   |  host  |         .         |
[   18.279742] cloud-init[921]: ci-info: |   lo   |  True |          ::1/128           |       .       |  host  |         .         |
[   18.282783] cloud-init[921]: ci-info: +--------+-------+----------------------------+---------------+--------+-------------------+
[   18.285764] cloud-init[921]: ci-info: +++++++++++++++++++++++++++Route IPv4 info++++++++++++++++++++++++++++
[   18.288398] cloud-init[921]: ci-info: +-------+-------------+----------+---------------+-----------+-------+
[   18.290977] cloud-init[921]: ci-info: | Route | Destination | Gateway  |    Genmask    | Interface | Flags |
[   18.293738] cloud-init[921]: ci-info: +-------+-------------+----------+---------------+-----------+-------+
[   18.296381] cloud-init[921]: ci-info: |   0   |   0.0.0.0   | 10.0.2.2 |    0.0.0.0    |   enp0s3  |   UG  |
[   18.298976] [[0;32m  OK  [0m] Started Initial cloud-init job (metadata service crawler).
[[0;32m  OK  [0m] Reached target Cloud-config availability.
[[0;32m  OK  [0m] Reached target Network is Online.
cloud-init[921]: ci-info: |   1   |   10.0.2.0  | 0.0.0.0  | 255.255.255.0 |   enp0s3  |   U   |
[   18.303365] cloud-init[921]: ci-info: +-------+-------------+----------+---------------+-----------+-------+
[   18.304590] cloud-init[921]: ci-info: +++++++++++++++++++Route IPv6 info+++++++++++++++++++
[   18.305665] cloud-init[921]: ci-info: +-------+-------------+---------+-----------+-------+
[   18.306724] cloud-init[921]: ci-info: | Route | Destination | Gateway | Interface | Flags |
[   18.307793] cloud-init[921]: ci-info: +-------+-------------+---------+-----------+-------+
[   18.308874] cloud-init[921]: ci-info: |   0   |  fe80::/64  |    ::   |   enp0s3  |   U   |
         Starting iSCSI initiator daemon (iscsid)...
[[   18.313017] cloud-init[921]: ci-info: |   3   |   ff00::/8  |    ::   |   enp0s3  |   U   |
[   18.328617] cloud-init[921]: ci-info: +-------+-------------+---------+-----------+-------+
[0;32m  OK  [0m] Reached target System Initialization.
[   18.329603] cloud-init[921]: Generating public/private rsa key pair.
[[   18.346058] cloud-init[921]: Your identification has been saved in /etc/ssh/ssh_host_rsa_key.
[   18.346832] cloud-init[921]: Your public key has been saved in /etc/ssh/ssh_host_rsa_key.pub.
[0;32m  OK  [0m] Started Daily apt download activities.
[[   18.347773] cloud-init[921]: The key fingerprint is:
[0;32m  OK  [0m[   18.385053] cloud-init[921]: SHA256:3Uhp2ZtIzed/+XddwY36ybpnM+F8Cct/GbCGawe6+jU root@ubuntu-xenial
[   18.385810] cloud-init[921]: The key's randomart image is:
] [   18.386360] cloud-init[921]: +---[RSA 2048]----+
Listening on D-Bus System Message Bus Socket.
[   18.386589] cloud-init[921]: |                 |
[[   18.389017] cloud-init[921]: |           *     |
[0;32m  OK  [0m[   18.389515] cloud-init[921]: |          * + o..|
] [   18.390128] cloud-init[921]: |         = + *.o.|
Started Daily Cleanup of Temporary Directories.[   18.390646] cloud-init[921]: |        S + =.+ .|

[   18.391470] cloud-init[921]: |           o.+.oo|
[   18.392170] cloud-init[921]: |          .E==o+O|
[[   18.392830] cloud-init[921]: |         ..o.+@oO|
[0;32m  OK  [0m[   18.393287] cloud-init[921]: |       .ooo +=.==|
] [   18.393894] cloud-init[921]: +----[SHA256]-----+
Started Daily apt upgrade and clean activities.[   18.394401] cloud-init[921]: Generating public/private dsa key pair.
[   18.395313] cloud-init[921]: Your identification has been saved in /etc/ssh/ssh_host_dsa_key.

[   18.396211] cloud-init[921]: Your public key has been saved in /etc/ssh/ssh_host_dsa_key.pub.
[   18.397178] cloud-init[921]: The key fingerprint is:
[[   18.397793] cloud-init[921]: SHA256:pR+3/rRTTQBz8RRrGoAOURCW3CxHsU9UNM7LoXAGYRc root@ubuntu-xenial
[   18.398588] cloud-init[921]: The key's randomart image is:
[0;32m  OK  [0m[   18.399139] cloud-init[921]: +---[DSA 1024]----+
] [   18.399756] cloud-init[921]: |      .=XB+E*=ooo|
Reached target Timers.[   18.400290] cloud-init[921]: |      .=.== +ooo.|

[   18.400927] cloud-init[921]: |        =o.+ = +.|
[   18.401552] cloud-init[921]: |         +* o * .|
[   18.401884] cloud-init[921]: |        S .o.+ ..|
[[   18.402562] cloud-init[921]: |         . o .  o|
[0;32m  OK  [0m] Listening on ACPID Listen Socket.
[   18.402894] cloud-init[921]: |          . . .. |
[   18.405410] cloud-init[921]: |           . ... |
[   18.406149] cloud-init[921]: |            ..o. |
[[   18.406774] cloud-init[921]: +----[SHA256]-----+
[0;32m  OK  [0m[   18.407271] cloud-init[921]: Generating public/private ecdsa key pair.
] [   18.408063] cloud-init[921]: Your identification has been saved in /etc/ssh/ssh_host_ecdsa_key.
Started ACPI Events Check.
[   18.408300] cloud-init[921]: Your public key has been saved in /etc/ssh/ssh_host_ecdsa_key.pub.
[   18.413611] [cloud-init[0;32m  OK  [0m[921]: ] The key fingerprint is:Reached target Paths.

[   18.413903] cloud-init[921]: SHA256:8Uo6HeMMfFL6dsShumHC0vQO+42g5jZ0kJlXYMpMG1A root@ubuntu-xenial
[   18.415724] cloud-init[921]: The key's randomart image is:
         [   18.416464] cloud-init[921]: +---[ECDSA 256]---+
Starting Socket activation for snappy daemon.[   18.416999] cloud-init[921]: |.oE o.           |

[   18.417818] cloud-init[921]: | + =  .          |
[   18.418480] cloud-init[921]: |  =+ .  o .      |
[   18.419266] cloud-init[921]: |  = .. o = .     |
[   18.420012] cloud-init[921]: |   o. = S +      |
[   18.420766] cloud-init[921]: |  .+.. % =       |
[   18.421517] cloud-init[921]: | ...* B B .      |
[   18.422266] cloud-init[921]: |  +o B B .       |
         [   18.447899] cloud-init[921]: | +o...= .        |
Starting LXD - unix socket.[   18.448683] cloud-init[921]: +----[SHA256]-----+

[   18.449369] cloud-init[921]: Generating public/private ed25519 key pair.
[   18.450167] cloud-init[921]: Your identification has been saved in /etc/ssh/ssh_host_ed25519_key.
[   18.450951] cloud-init[921]: Your public key has been saved in /etc/ssh/ssh_host_ed25519_key.pub.
[   18.451756] cloud-init[921]: The key fingerprint is:
[[0;32m  OK  [0m] Listening on UUID daemon activation socket.
[   18.451899] cloud-init[921]: SHA256:lLP8ZE9twyzjOVCD2VNY/LF824e/ElpPA1BbHSn6rVU root@ubuntu-xenial
[   18.592265] cloud-init[921]: The key's randomart image is:
[   18.592486] cloud-init[921]: +--[ED25519 256]--+
[[   18.593508] cloud-init[921]: |            .=oo+|
[0;32m  OK  [0m[   18.593988] cloud-init[921]: |         . =.o+o.|
] Listening on Socket activation for snappy daemon.
[[   18.594961] cloud-init[921]: |        + o B.o.o|
[0;32m  OK  [0m[   18.606978] cloud-init[921]: |       o o o B oE|
] [   18.607582] cloud-init[921]: |        S + = O.=|
Listening on LXD - unix socket.[   18.608124] 
cloud-init[921]: |         + = O.Bo|
[   18.636204] cloud-init[921]: |          . B *.o|
[[0;32m  OK  [0m] Started iSCSI initiator daemon (iscsid).
[   18.636460] cloud-init[921]: |           . + ..|
[   18.704205] cloud-init[921]: |              ...|
         Starting Login to default iSCSI targets...
[   18.704444] cloud-init[921]: +----[SHA256]-----+
[[0;32m  OK  [0m] Reached target Sockets.
[[0;32m  OK  [0m] Reached target Basic System.
[[0;32m  OK  [0m] Started Regular background program processing daemon.
         Starting System Logging Service...
[[0;32m  OK  [0m] Started Unattended Upgrades Shutdown.
         Starting Virtualbox guest utils...
         Starting Login Service...
         Starting Pollinate to seed the pseudo random number generator...
[[0;32m  OK  [0m] Started Deferred execution scheduler.
         Starting /etc/rc.local Compatibility...
[[0;32m  OK  [0m] Started FUSE filesystem for LXC.
         Starting LSB: Record successful boot for GRUB...
         Starting LXD - container startup/shutdown...
[[0;32m  OK  [0m] Started D-Bus System Message Bus.
[[0;32m  OK  [0m] Started ACPI event daemon.
         Starting Accounts Service...
         Starting LSB: MD monitoring daemon...
         Starting Snappy daemon...
[[0;32m  OK  [0m] Started System Logging Service.
[[0;32m  OK  [0m] Started /etc/rc.local Compatibility.
[[0;32m  OK  [0m] Started Login Service.
[[0;32m  OK  [0m] Started LSB: Record successful boot for GRUB.
[[0;32m  OK  [0m] Started LSB: MD monitoring daemon.
[[0;32m  OK  [0m] Started Login to default iSCSI targets.
[[0;32m  OK  [0m] Reached target Remote File Systems (Pre).
[[0;32m  OK  [0m] Reached target Remote File Systems.
         Starting LSB: daemon to balance interrupts for SMP systems...
         Starting LSB: Set the CPU Frequency Scaling governor to "ondemand"...
         Starting Permit User Sessions...
         Starting LSB: automatic crash report generation...
[[0;32m  OK  [0m] Started LSB: Set the CPU Frequency Scaling governor to "ondemand".
[[0;32m  OK  [0m] Started Permit User Sessions.
         Starting Hold until boot process finishes up...
         Starting Terminate Plymouth Boot Screen...
[[0;32m  OK  [0m] Started Hold until boot process finishes up.
[[0;32m  OK  [0m] Started Terminate Plymouth Boot Screen.
[[0;32m  OK  [0m] Started Getty on tty1.
         Starting Set console scheme...
[[0;32m  OK  [0m] Started Serial Getty on ttyS0.
[[0;32m  OK  [0m] Reached target Login Prompts.
[[0;32m  OK  [0m] Started LSB: daemon to balance interrupts for SMP systems.
[[0;32m  OK  [0m] Started Set console scheme.
[[0;32m  OK  [0m] Started LSB: automatic crash report generation.
[[0;32m  OK  [0m] Started Virtualbox guest utils.
         Starting Authenticate and Authorize Users to Run Privileged Tasks...
[[0;32m  OK  [0m] Started Authenticate and Authorize Users to Run Privileged Tasks.
[[0;32m  OK  [0m] Started Accounts Service.
[[0;32m  OK  [0m] Started Pollinate to seed the pseudo random number generator.
         Starting OpenBSD Secure Shell server...
[[0;32m  OK  [0m] Started LXD - container startup/shutdown.
[[0;32m  OK  [0m] Started OpenBSD Secure Shell server.
[[0;32m  OK  [0m] Started Snappy daemon.
         Starting Wait until snapd is fully seeded...
[[0;32m  OK  [0m] Created slice User Slice of vagrant.
         Starting User Manager for UID 1000...
[[0;32m  OK  [0m] Started Session 1 of user vagrant.
[[0;32m  OK  [0m] Started User Manager for UID 1000.
[[0;32m  OK  [0m] Started Wait until snapd is fully seeded.
         Starting Apply the settings specified in cloud-config...
[[0;32m  OK  [0m] Reached target Multi-User System.
[[0;32m  OK  [0m] Reached target Graphical Interface.
         Starting Update UTMP about System Runlevel Changes...
[[0;32m  OK  [0m] Started Update UTMP about System Runlevel Changes.
[   24.532246] cloud-init[1327]: Generating locales (this might take a while)...
[   25.326886] cloud-init[1327]:   en_US.UTF-8... done
[   25.330366] cloud-init[1327]: Generation complete.

Ubuntu 16.04.5 LTS ubuntu-xenial ttyS0

ubuntu-xenial login: [   26.209025] cloud-init[1327]: Cloud-init v. 18.3-9-g2e62cb8a-0ubuntu1~16.04.2 running 'modules:config' at Mon, 29 Oct 2018 11:26:58 +0000. Up 24.35 seconds.
ci-info: no authorized ssh keys fingerprints found for user ubuntu.
<14>Oct 29 11:27:01 ec2: 
<14>Oct 29 11:27:01 ec2: #############################################################
<14>Oct 29 11:27:01 ec2: -----BEGIN SSH HOST KEY FINGERPRINTS-----
<14>Oct 29 11:27:01 ec2: 1024 SHA256:pR+3/rRTTQBz8RRrGoAOURCW3CxHsU9UNM7LoXAGYRc root@ubuntu-xenial (DSA)
<14>Oct 29 11:27:01 ec2: 256 SHA256:8Uo6HeMMfFL6dsShumHC0vQO+42g5jZ0kJlXYMpMG1A root@ubuntu-xenial (ECDSA)
<14>Oct 29 11:27:01 ec2: 256 SHA256:lLP8ZE9twyzjOVCD2VNY/LF824e/ElpPA1BbHSn6rVU root@ubuntu-xenial (ED25519)
<14>Oct 29 11:27:01 ec2: 2048 SHA256:3Uhp2ZtIzed/+XddwY36ybpnM+F8Cct/GbCGawe6+jU root@ubuntu-xenial (RSA)
<14>Oct 29 11:27:01 ec2: -----END SSH HOST KEY FINGERPRINTS-----
<14>Oct 29 11:27:01 ec2: #############################################################
-----BEGIN SSH HOST KEY KEYS-----
ecdsa-sha2-nistp256 AAAAE2VjZHNhLXNoYTItbmlzdHAyNTYAAAAIbmlzdHAyNTYAAABBBMnIHN+uVhguktE4VvdFjzUikMBM3mrN95kfNg43EGR7mGFCcBoyUVqUjX78BEe0aw2Y7VVON+OR5W1lEJz0iqs= root@ubuntu-xenial
ssh-ed25519 AAAAC3NzaC1lZDI1NTE5AAAAIIS2JvddYoqqjnOOmA38bib3q6Uv5bSJFHKS+Afa/Gsn root@ubuntu-xenial
ssh-rsa AAAAB3NzaC1yc2EAAAADAQABAAABAQDDlr90uKYdxWU3MQKbcKzHrVwOLCKAzeHptmvoH+wXUdd/S9BRX1IsZpI4UiGZVwzX0w0b0iqcX8k6l3smLJQ4Zeta3tvXPsRvT0+DhQBF7SJweJRf1RS7ZTQha/OwY9L1fZJzMVZeth2R+nOCJRQYhhzp0D/SXBt0gdZUpS5nZYZ3nllO1mDZ2mrKCOnizzK6FC6zuZyHfFDQxee10n2g1+L3VDvR0fxymGHrGZV1VBCmCP4vam9GvO6i5qj045t9m8871jdTV9Mw30nTJkWZk1PGXvImutAFq/yIi7fREvC8uYlwLastZF5eUBAVIkisa58kmPP27YqBioHTiA37 root@ubuntu-xenial
-----END SSH HOST KEY KEYS-----
[   26.807633] cloud-init[1442]: Cloud-init v. 18.3-9-g2e62cb8a-0ubuntu1~16.04.2 running 'modules:final' at Mon, 29 Oct 2018 11:27:01 +0000. Up 26.59 seconds.
[   26.807863] cloud-init[1442]: ci-info: no authorized ssh keys fingerprints found for user ubuntu.
[   26.807969] cloud-init[1442]: Cloud-init v. 18.3-9-g2e62cb8a-0ubuntu1~16.04.2 finished at Mon, 29 Oct 2018 11:27:01 +0000. Datasource DataSourceNoCloud [seed=/dev/sdb][dsmode=net].  Up 26.79 seconds
         Stopping Session 2 of user vagrant.
[[0;32m  OK  [0m] Stopped target Cloud-init target.
[[0;32m  OK  [0m] Closed Load/Save RF Kill Switch Status /dev/rfkill Watch.
[[0;32m  OK  [0m] Stopped target Graphical Interface.
         Stopping Authenticate and[[0;32m  OK  [0m] Stopped target Cloud-init target.
[[0;32m  OK  [0m] Stopped target Graphical Interface.
[[0;32m  OK  [0m] Closed Load/Save RF Kill Switch Status /dev/rfkill Watch.
         Stopping Accounts Service...
         Stopping User Manager for UID 1000...
         Stopping Session 2 of user vagrant.
[[0;32m  OK  [0m] Stopped target Timers.
[[0;32m  OK  [0m] Stopped Daily apt upgrade and clean activities.
[[0;32m  OK  [0m] Stopped Daily apt download activities.
[[0;32m  OK  [0m] Stopped target System Time Synchronized.
[[0;32m  OK  [0m] Stopped Execute cloud user/final scripts.
[[0;32m  OK  [0m] Stopped target Multi-User System.
         Stopping LSB: MD monitoring daemon...
         Stopping LSB: Apache2 web server...
         Stopping LSB: Set the CPU Frequency Scaling governor to "ondemand"...
         Stopping FUSE filesystem for LXC...
         Stopping LSB: daemon to balance interrupts for SMP systems...
         Stopping Deferred execution scheduler...
         Stopping LXD - container startup/shutdown...
         Stopping LSB: Record successful boot for GRUB...
         Stopping Unattended Upgrades Shutdown...
         Stopping D-Bus System Message Bus...
[[0;32m  OK  [0m] Stopped target Login Prompts.
[[0;32m  OK  [0m] Stopped Apply the settings specified in cloud-config.
[[0;32m  OK  [0m] Stopped Wait until         Stopping Session 5 of user vagrant.
         Stopping ACPI event daemon...
         Stopping OpenBSD Secure Shell server...
         Stopping Snappy daemon...
         Stopping Virtualbox guest utils...
[[0;32m  OK  [0m] Unmounted /var/lib/lxcfs.
[[0;32m  OK  [0m] Stopped System Logging Service.
[[0;32m  OK  [0m] Stopped Deferred execution scheduler.
[[0;32m  OK  [0m] Stopped Accounts Service.
[[0;32m  OK  [0m] Stopped ACPI event daemon.
[[0;32m  OK  [0m] Stopped Regular background program processing daemon.
[[0;32m  OK  [0m] Stopped Snappy daemon.
[[0;32m  OK  [0m] Stopped Authenticate and Authorize Users to Run Privileged Tasks.
[[0;32m  OK  [0m] Stopped Serial Getty on ttyS0.
[[0;32m  OK  [0m] Stopped Getty on tty1.
[[0;32m  OK  [0m] Stopped OpenBSD Secure Shell server.
[[0;32m  OK  [0m] Stopped User Manager for UID 1000.
[[0;32m  OK  [0m] Stopped Session 2 of user vagrant.
[[0;32m  OK  [0m] Stopped Unattended Upgrades Shutdown.
[[0;32m  OK  [0m] Stopped D-Bus System Message Bus.
[[0;32m  OK  [0m] Stopped Session 5 of user vagrant.
[[0;32m  OK  [0m] Stopped FUSE filesystem for LXC.
[[0;32m  OK  [0m] Stopped LSB: MD monitoring daemon.
[[0;32m  OK  [0m] Stopped LSB: Set the CPU Frequency Scaling governor to "ondemand".
[[0;32m  OK  [0m] Stopped LSB: daemon to balance interrupts for SMP systems.
[[0;32m  OK  [0m] Stopped LSB: Record successful boot for GRUB.
[[0;32m  OK  [0m] Stopped LXD - container startup/shutdown.
[[0;32m  OK  [0m] Stopped LSB: automatic crash report generation.
[[0;32m  OK  [0m] Stopped Virtualbox guest utils.
[[0;32m  OK  [0m] Removed slice User Slice of vagrant.
         Stopping Login Service...
[[0;32m  OK  [0m] Removed slice system-getty.slice.
[[0;32m  OK  [0m] Removed slice system-serial\x2dgetty.slice.
         Stopping Permit User Sessions...
[[0;32m  OK  [0m] Stopped /etc/rc.local Compatibility.
[[0;32m  OK  [0m] Stopped Permit User Sessions.
[[0;32m  OK  [0m] Stopped Login Service.
[[0;32m  OK  [0m] Stopped target User and Group Name Lookups.
[[0;32m  OK  [0m] Stopped LSB: Apache2 web server.
[[0;32m  OK  [0m] Stopped target Basic System.
[[0;32m  OK  [0m] Stopped target Slices.
[[0;32m  OK  [0m] Removed slice User and Session Slice.
[[0;32m  OK  [0m] Stopped target Sockets.
[[0;32m  OK  [0m] Closed D-Bus System Message Bus Socket.
[[0;32m  OK  [0m] Closed Socket activation for snappy daemon.
[[0;32m  OK  [0m] Closed UUID daemon activation socket.
[[0;32m  OK  [0m] Closed LXD - unix socket.
[[0;32m  OK  [0m] Closed ACPID Listen Socket.
[[0;32m  OK  [0m] Closed Syslog Socket.
[[0;32m  OK  [0m] Stopped target Paths.
[[0;32m  OK  [0m] Stopped Forward Password Requests to Wall Directory Watch.
[[0;32m  OK  [0m] Stopped ACPI Events Check.
[[0;32m  OK  [0m] Stopped Dispatch Password Requests to Console Directory Watch.
[[0;32m  OK  [0m] Stopped target Remote File Systems.
[[0;32m  OK  [0m] Stopped target Remote File Systems (Pre).
         Stopping Login to default iSCSI targets...
[[0;32m  OK  [0m] Stopped target System Initialization.
[[0;32m  OK  [0m] Stopped target Encrypted Volumes.
[[0;32m  OK  [0m] Stopped Commit a transient machine-id on disk.
[[0;32m  OK  [0m] Stopped target Swap.
         Stopping Load/Save Random Seed...
[[0;32m  OK  [0m] Stopped Create Volatile Files and Directories.
[[0;32m  OK  [0m] Stopped Load/Save Random Seed.
[[0;32m  OK  [0m] Stopped Login to default iSCSI targets.
         Stopping iSCSI initiator daemon (iscsid)...
[[0;32m  OK  [0m] Stopped iSCSI initiator daemon (iscsid).
[[0;32m  OK  [0m] Stopped target Network is Online.
[[0;32m  OK  [0m] Stopped Initial cloud-init job (metadata service crawler).
[[0;32m  OK  [0m] Stopped target Network.
         Stopping Raise network interfaces...
[[0;32m  OK  [0m] Stopped Raise network interfaces.
[[0;32m  OK  [0m] Stopped target Network (Pre).
[[0;32m  OK  [0m] Stopped Initial cloud-init job (pre-networking).
[[0;32m  OK  [0m] Stopped Apply Kernel Variables.
[[0;32m  OK  [0m] Stopped Load Kernel Modules.
[[0;32m  OK  [0m] Stopped target Local File Systems.
         Unmounting /run/user/1000...
         Unmounting /vagrant...
[[0;32m  OK  [0m] Unmounted /run/user/1000.
[[0;32m  OK  [0m] Unmounted /vagrant.
[[0;32m  OK  [0m] Reached target Unmount All Filesystems.
[[0;32m  OK  [0m] Stopped target Local File Systems (Pre).
[[0;32m  OK  [0m] Stopped Create Static Device Nodes in /dev.
         Stopping Monitoring of LVM2 mirrors... dmeventd or progress polling...
[[0;32m  OK  [0m] Stopped Remount Root and Kernel File Systems.
[[0;32m  OK  [0m] Reached target Shutdown.
[  503.331204] reboot: Power down
